[2019-01-02 14:45:07.097][INFO]: /supplier/products/products-list?id=M20180321133922&sell_type=1 index end 1.021
[2019-01-02 14:45:11.006][INFO]: / index end 3.806
[2019-01-02 14:45:55.957][INFO]: /supplier index end 0.842
[2019-01-02 14:45:56.887][INFO]: /supplier/ index end 0.898
[2019-01-02 14:46:02.938][INFO]: /login index end 0.897
[2019-01-02 14:46:04.001][INFO]: / index end 0.944
[2019-01-02 14:46:09.778][INFO]: /supplier index end 0.835
[2019-01-02 14:46:10.952][INFO]: /supplier/ index end 1.034
[2019-01-02 14:46:18.366][INFO]: /login index end 0.953
[2019-01-02 14:46:19.349][INFO]: / index end 0.922
[2019-01-02 14:46:28.060][INFO]: /supplier index end 0.833
[2019-01-02 14:46:29.077][INFO]: /supplier/ index end 0.904
[2019-01-02 14:46:30.047][INFO]: /supplier/products index end 0.918
[2019-01-02 14:46:31.053][INFO]: / index end 0.907
[2019-01-02 14:46:43.780][INFO]: /supplier/products/products-list?id=M20180321133922&sell_type=1 index end 0.911
[2019-01-02 14:46:44.782][INFO]: / index end 0.901
[2019-01-02 14:47:10.868][INFO]: /login index end 0.893
[2019-01-02 14:47:11.911][INFO]: / index end 0.925
[2019-01-02 14:47:22.978][INFO]: /supplier index end 0.844
[2019-01-02 14:47:23.933][INFO]: /supplier/ index end 0.889
[2019-01-02 14:48:28.792][INFO]: /login index end 0.961
[2019-01-02 14:48:29.760][INFO]: / index end 0.918
[2019-01-02 14:48:44.917][INFO]: / index end 0.954
[2019-01-02 14:48:55.527][INFO]: /supplier index end 0.865
[2019-01-02 14:48:56.451][INFO]: /supplier/ index end 0.879
[2019-01-02 14:49:02.053][INFO]: /supplier/products/product-syncdown?id=11155&sell_type=1 index end 0.938
[2019-01-02 14:49:03.029][INFO]: / index end 0.905
[2019-01-02 14:49:29.398][INFO]: /supplier/products index end 0.973
[2019-01-02 14:49:32.529][INFO]: / index end 3.087
[2019-01-02 14:50:06.530][INFO]: /login index end 0.939
[2019-01-02 14:50:07.542][INFO]: / index end 0.943
[2019-01-02 14:50:24.593][INFO]: /supplier index end 0.853
[2019-01-02 14:50:25.530][INFO]: /supplier/ index end 0.888
[2019-01-02 14:50:31.194][INFO]: /login index end 0.905
[2019-01-02 14:50:32.245][INFO]: / index end 0.950
[2019-01-02 14:51:15.210][INFO]: /supplier index end 0.868
[2019-01-02 14:51:16.183][INFO]: /supplier/ index end 0.922
[2019-01-02 14:51:31.322][INFO]: /supplier/ index end 0.944
[2019-01-02 14:51:35.221][INFO]: /login index end 0.905
[2019-01-02 14:51:36.281][INFO]: / index end 0.946
[2019-01-02 14:51:42.608][INFO]: /login index end 0.918
[2019-01-02 14:51:47.879][INFO]: /login index end 0.923
[2019-01-02 14:51:48.895][INFO]: / index end 0.932
[2019-01-02 14:51:53.636][INFO]: /login index end 0.928
[2019-01-02 14:52:00.681][INFO]: /login index end 0.908
[2019-01-02 14:52:01.725][INFO]: / index end 0.940
[2019-01-02 14:52:48.725][INFO]: /supplier index end 0.945
[2019-01-02 14:52:49.752][INFO]: /supplier/ index end 0.963
[2019-01-02 14:53:39.103][INFO]: /login index end 31.963
[2019-01-02 14:53:42.336][INFO]: / index end 3.155
[2019-01-02 14:53:44.616][INFO]: /supplier/login index end 1.405
[2019-01-02 14:54:40.251][INFO]: /supplier/products/products-list?id=M20180321133922&sell_type=1 index end 0.958
[2019-01-02 14:54:41.217][INFO]: / index end 0.911
[2019-01-02 14:56:07.492][INFO]: /supplier index end 0.934
[2019-01-02 14:56:08.460][INFO]: /supplier/ index end 0.895
[2019-01-02 14:56:30.809][INFO]: /supplier/ index end 0.884
[2019-01-02 14:56:38.918][INFO]: /supplier/ index end 0.876
[2019-01-02 14:56:48.018][INFO]: /login index end 0.901
[2019-01-02 14:56:49.091][INFO]: / index end 0.965
[2019-01-02 14:57:12.864][INFO]: /supplier index end 0.855
[2019-01-02 14:57:13.830][INFO]: /supplier/ index end 0.915
[2019-01-02 14:58:34.282][INFO]: /login index end 0.978
[2019-01-02 14:58:36.567][INFO]: / index end 0.929
[2019-01-02 14:58:48.347][INFO]: /login index end 0.924
[2019-01-02 14:58:56.276][INFO]: /login index end 0.900
[2019-01-02 14:58:57.314][INFO]: / index end 0.930
[2019-01-02 14:59:04.557][INFO]: /reseller/ index end 1.023
[2019-01-02 14:59:06.284][INFO]: /assets/reseller/home/images/kefupng index end 1.439
[2019-01-02 14:59:07.783][INFO]: /assets/reseller/home/images/toppng index end 1.426
[2019-01-02 14:59:19.054][INFO]: /login index end 0.893
[2019-01-02 14:59:23.907][INFO]: /login index end 0.893
[2019-01-02 14:59:24.968][INFO]: / index end 0.942
[2019-01-02 14:59:33.218][INFO]: /login index end 0.927
[2019-01-02 15:15:08.182][INFO]: / index end 1.162
[2019-01-02 15:15:13.793][INFO]: /supplier index end 0.831
[2019-01-02 15:15:14.751][INFO]: /supplier/ index end 0.883
[2019-01-02 15:15:17.499][INFO]: /login index end 0.908
[2019-01-02 15:15:18.533][INFO]: / index end 0.933
[2019-01-02 15:15:27.348][INFO]: /supplier index end 0.883
[2019-01-02 15:15:28.395][INFO]: /supplier/ index end 0.923
[2019-01-02 15:15:32.826][INFO]: /login index end 0.913
[2019-01-02 15:15:34.261][INFO]: / index end 1.336
[2019-01-02 15:16:19.410][INFO]: /supplier index end 0.857
[2019-01-02 15:16:20.349][INFO]: /supplier/ index end 0.890
[2019-01-02 15:16:21.388][INFO]: /supplier/products index end 0.919
[2019-01-02 15:16:22.368][INFO]: / index end 0.893
[2019-01-03 14:58:03.982][INFO]: /supplier index end 37.042
[2019-01-03 14:58:04.933][INFO]: /supplier index end 0.866
[2019-01-03 14:58:08.548][INFO]: /supplier/ index end 3.521
[2019-01-03 14:59:07.224][INFO]: /login index end 1.159
[2019-01-03 14:59:12.436][INFO]: /passport/login index end 1.134
[2019-01-03 14:59:14.181][INFO]: /passport/ index end 1.665
[2019-01-03 14:59:41.875][INFO]: /passport/ index end 0.947
[2019-01-03 14:59:42.856][INFO]: /passport/login index end 0.916
[2019-01-03 14:59:46.387][INFO]: /passport/login index end 1.111
[2019-01-03 14:59:48.169][INFO]: /passport/ index end 1.676
[2019-01-03 14:59:54.486][INFO]: /supplier index end 0.818
[2019-01-03 14:59:55.474][INFO]: /supplier/ index end 0.898
[2019-01-03 14:59:58.413][INFO]: /login index end 0.908
[2019-01-03 15:00:01.821][INFO]: /passport/login index end 1.081
[2019-01-03 15:00:03.596][INFO]: /passport/ index end 1.641
[2019-01-03 15:24:26.044][INFO]: /supplier index end 3.713
[2019-01-03 15:24:29.718][INFO]: /supplier/ index end 3.561
[2019-01-03 15:24:30.773][INFO]: /supplier/products index end 0.987
[2019-01-03 15:24:31.833][INFO]: /passport/login index end 0.939
[2019-01-03 15:24:43.493][INFO]: /passport/login index end 1.101
[2019-01-03 15:24:45.308][INFO]: /passport/ index end 1.704
[2019-01-03 16:12:06.259][INFO]: /passport/ index end 37.147
[2019-01-03 16:12:07.189][INFO]: /supplier index end 0.882
[2019-01-03 16:12:08.128][INFO]: /supplier index end 0.829
[2019-01-03 16:12:09.110][INFO]: /supplier/ index end 0.903
[2019-01-03 16:12:12.422][INFO]: /login index end 1.093
[2019-01-03 16:12:15.326][INFO]: /passport/login index end 1.074
[2019-01-03 16:12:16.852][INFO]: /passport/ index end 1.489
[2019-01-03 16:12:38.631][INFO]: /supplier index end 1.006
[2019-01-03 16:12:39.699][INFO]: /supplier/ index end 0.963
[2019-01-03 16:12:42.920][INFO]: /login index end 0.964
[2019-01-03 16:12:45.613][INFO]: /passport/login index end 1.035
[2019-01-03 16:12:46.671][INFO]: /passport/ index end 0.977
[2019-01-03 16:12:54.332][INFO]: /passport/ index end 0.982
[2019-01-03 16:12:57.871][INFO]: /passport/identity index end 1.596
[2019-01-03 16:13:04.693][INFO]: /passport/default/account-protect index end 1.463
[2019-01-03 16:13:16.188][INFO]: /supplier index end 0.968
[2019-01-03 16:13:17.190][INFO]: /supplier/ index end 0.964
[2019-01-03 16:13:20.511][INFO]: /supplier/products index end 0.962
[2019-01-03 16:13:22.495][INFO]: /supplier/products/template-list index end 1.937
[2019-01-03 16:13:23.926][INFO]: /supplier/products/template-list?sell_type=&auto_refund=&status=&supply_type=&range_time=&name=&id=&info=&page=1&limit=10 index end 1.148
[2019-01-03 16:13:38.646][INFO]: /supplier/finance index end 1.452
[2019-01-03 16:13:39.985][INFO]: /supplier/finance/trade-list?page=1&limit=10 index end 1.076
[2019-01-03 16:13:44.973][INFO]: /supplier/finance/withdraw-list index end 1.434
[2019-01-03 16:16:21.449][INFO]: /supplier/finance/withdraw index end 33.745
[2019-01-03 16:16:23.361][INFO]: /supplier/finance/withdraw?verify_status=&range_time=&keyword=&page=1&limit=10 index end 1.676
[2019-01-03 16:16:41.603][INFO]: /supplier/finance/withdraw index end 1.046
[2019-01-03 16:16:43.511][INFO]: /supplier/finance/withdraw?verify_status=&range_time=&keyword=&page=1&limit=10 index end 1.651
[2019-01-03 16:18:36.247][INFO]: /supplier/finance/withdraw index end 4.692
[2019-01-03 16:18:38.248][INFO]: /supplier/finance/withdraw?verify_status=&range_time=&keyword=&page=1&limit=10 index end 1.736
[2019-01-03 16:19:58.768][INFO]: /supplier/finance/withdraw index end 4.283
[2019-01-03 16:20:00.141][INFO]: /supplier/finance/withdraw?verify_status=&range_time=&keyword=&page=1&limit=10 index end 1.102
[2019-01-04 12:10:32.371][INFO]: /supplier/finance/withdraw index end 29.502
[2019-01-04 12:10:36.824][INFO]: /supplier/finance/withdraw?trade_status=&range_time=&keyword=&page=1&limit=10 index end 1.413
[2019-01-04 14:18:10.188][INFO]: /supplier/finance/withdraw index end 1.558
[2019-01-04 14:18:13.040][INFO]: /supplier/finance/withdraw?trade_status=&range_time=&keyword=&page=1&limit=10 index end 2.333
[2019-01-04 14:19:45.411][INFO]: /supplier/finance/withdraw index end 1.053
[2019-01-04 14:19:46.808][INFO]: /supplier/finance/withdraw?trade_status=&range_time=&keyword=&page=1&limit=10 index end 1.019
[2019-01-04 14:20:04.544][INFO]: /supplier/finance/withdraw index end 1.012
[2019-01-04 14:20:05.985][INFO]: /supplier/finance/withdraw?trade_status=&range_time=&keyword=&page=1&limit=10 index end 1.044
[2019-01-04 14:20:26.445][INFO]: /admin/audit index end 1.445
[2019-01-04 14:21:08.937][INFO]: /admin/audit/withdraws index end 1.009
[2019-01-04 14:21:10.093][INFO]: /admin/login index end 1.060
[2019-01-04 14:21:25.061][INFO]: /admin/login index end 1.907
[2019-01-04 14:21:26.664][INFO]: /admin/login index end 1.492
[2019-01-04 14:22:31.828][INFO]: / index end 44.090
[2019-01-04 14:22:32.932][INFO]: /admin/users index end 0.994
[2019-01-04 14:22:33.952][INFO]: /admin/login index end 0.909
[2019-01-04 14:22:44.768][INFO]: /admin/login index end 1.047
[2019-01-04 14:22:47.802][INFO]: /admin/login index end 2.973
[2019-01-04 14:24:40.271][INFO]: /admin/login index end 33.691
[2019-01-04 14:24:55.764][INFO]: /passport/user/profile index end 2.118
[2019-01-04 14:25:08.977][INFO]: /admin/users index end 0.925
[2019-01-04 14:25:09.962][INFO]: /admin/login index end 0.902
[2019-01-04 14:25:15.748][INFO]: /admin/login index end 1.034
[2019-01-04 14:25:17.306][INFO]: /admin/login index end 1.479
[2019-01-04 14:25:23.797][INFO]: /admin/login index end 1.022
[2019-01-04 14:25:25.326][INFO]: /admin/login index end 1.445
[2019-01-04 14:25:35.581][INFO]: /admin/orders index end 0.906
[2019-01-04 14:25:36.603][INFO]: /admin/login index end 0.912
[2019-01-04 14:25:39.931][INFO]: /admin/login index end 1.019
[2019-01-04 14:25:41.469][INFO]: /admin/login index end 1.454
[2019-01-04 14:26:16.020][INFO]: /admin/login index end 1.064
[2019-01-04 14:26:18.776][INFO]: /admin/login index end 1.083
[2019-01-04 14:26:19.800][INFO]: /admin/login index end 0.899
[2019-01-04 14:26:23.182][INFO]: /admin/login index end 1.042
[2019-01-04 14:26:24.143][INFO]: /admin/login index end 0.898
[2019-01-04 14:26:31.639][INFO]: /admin/users index end 0.932
[2019-01-04 14:26:32.587][INFO]: /admin/login index end 0.871
[2019-01-04 14:27:07.543][INFO]: /admin/login index end 1.047
[2019-01-04 14:27:09.259][INFO]: /admin/login index end 1.643
[2019-01-04 14:27:52.607][INFO]: /supplier/finance/withdraw index end 1.100
[2019-01-04 14:27:54.493][INFO]: /supplier/finance/withdraw?trade_status=&range_time=&keyword=&page=1&limit=10 index end 0.975
[2019-01-04 14:28:16.648][INFO]: /supplier/finance/add-withdraw index end 1.052
[2019-01-04 14:28:25.728][INFO]: /supplier/finance/withdraw-account index end 1.046
[2019-01-04 14:28:27.018][INFO]: /supplier/finance/withdraw-account?verify_status=&range_time=&keyword=&page=1&limit=10 index end 1.018
[2019-01-04 14:28:29.866][INFO]: /supplier/finance/add-withdraw-account index end 1.038
[2019-01-04 14:28:39.632][INFO]: /supplier/finance index end 1.012
[2019-01-04 14:28:40.939][INFO]: /supplier/finance/trade-list?page=1&limit=10 index end 1.011
[2019-01-04 14:28:59.601][INFO]: /supplier/finance/add-withdraw index end 1.022
[2019-01-04 14:29:06.848][INFO]: /supplier/profile index end 1.411
[2019-01-04 14:29:11.056][INFO]: /supplier/products index end 0.987
[2019-01-04 14:29:12.250][INFO]: /supplier/products/template-list index end 1.071
[2019-01-04 14:29:13.711][INFO]: /supplier/products/template-list?sell_type=&auto_refund=&status=&supply_type=&range_time=&name=&id=&info=&page=1&limit=10 index end 1.114
[2019-01-04 14:29:28.476][INFO]: /supplier/products/products-list?template_id=M20180321133922&sell_type=1 index end 1.045
[2019-01-04 14:29:29.878][INFO]: /supplier/products/products-list?template_id=M20180321133922&sell_type=1&add_exist_product=0&page=1&limit=10 index end 1.033
[2019-01-04 14:29:34.809][INFO]: /supplier/products/add-new-product?template_id=M20180321133922&sell_type=1 index end 1.632
[2019-01-04 14:40:31.050][INFO]: /supplier/products/add-new-product?template_id=M20180321133922&sell_type=1 index end 9.638
[2019-01-04 14:41:38.805][INFO]: /supplier/products/add-new-product?template_id=M20180321133922&sell_type=1 index end 5.725
[2019-01-04 14:41:53.798][INFO]: /supplier/products/add-new-product?template_id=M20180321133922&sell_type=1 index end 5.767
[2019-01-04 14:43:48.532][INFO]: /supplier/products/add-new-product?template_id=M20180321133922&sell_type=1 index end 1.618
[2019-01-04 14:44:28.444][INFO]: /supplier/products/add-new-product?template_id=M20180321133922&sell_type=1 index end 1.312
[2019-01-04 17:01:24.260][INFO]: /supplier/products/add-new-product?template_id=M20180321133922&sell_type=1 index end 35.299
[2019-01-04 17:02:22.707][INFO]: /supplier/products/add-new-product?template_id=M20180321133922&sell_type=1 index end 1.620
[2019-01-04 17:03:01.967][INFO]: /supplier/products/add-new-product?cate_id=1&mvno_id=&speed=1&renyi_type=1&renyi_type=2&face_value=0&face_value=10&face_value=20&face_value=50&face_value=100&face_value=200&face_value=300&face_value=500&recharge=1-500&other_amount=&province=110000&province=120000 index end 1.005
[2019-01-04 17:03:42.654][INFO]: /supplier/products/add-new-product?template_id=M20180321133922&sell_type=1 index end 1.570
[2019-01-04 17:04:52.575][INFO]: /supplier/products/add-new-product?cate_id=1&mvno_id=&speed=1&renyi_type=1&face_value=0&face_value=10&face_value=20&face_value=50&face_value=100&face_value=200&face_value=300&face_value=500&recharge=&other_amount=&province=110000&province=120000 index end 1.024
[2019-01-04 17:05:51.522][INFO]: /supplier/products/add-new-product?template_id=M20180321133922&sell_type=1 index end 1.564
[2019-01-04 17:07:28.350][INFO]: /supplier/products/add-new-product?template_id=M20180321133922&sell_type=1 index end 1.622
[2019-01-04 17:08:30.202][INFO]: /supplier/products/add-new-product?template_id=M20180321133922&sell_type=1 index end 1.629
[2019-01-04 17:10:23.928][INFO]: /supplier/products/add-new-product?template_id=M20180321133922&sell_type=1 index end 1.660
[2019-01-04 17:12:18.045][INFO]: /supplier/products/add-new-product?template_id=M20180321133922&sell_type=1 index end 1.626
[2019-01-04 17:12:30.733][INFO]: /supplier/products/add-new-product?cate_id=1&mvno_id=&speed=1&renyi_type=1&face_value=0&face_value=10&face_value=20&face_value=50&face_value=100&face_value=200&face_value=300&face_value=500&recharge=&other_amount=&province=110000&province=120000 index end 1.006
[2019-01-04 17:15:45.524][INFO]: /supplier/products/add-new-product?template_id=M20180321133922&sell_type=1 index end 1.641
[2019-01-04 17:20:33.097][INFO]: /supplier/products/add-new-product?template_id=M20180321133922&sell_type=1 index end 1.631
[2019-01-04 17:24:14.754][INFO]: /supplier/products/add-new-product?template_id=M20180321133922&sell_type=1 index end 1.639
[2019-01-04 17:25:53.820][INFO]: /supplier/products/add-new-product?template_id=M20180321133922&sell_type=1 index end 1.625
[2019-01-04 17:27:40.569][INFO]: /supplier/products/add-new-product?template_id=M20180321133922&sell_type=1 index end 1.634
[2019-01-04 17:32:22.470][INFO]: /supplier/products/add-new-product?template_id=M20180321133922&sell_type=1 index end 1.643
[2019-01-04 17:32:42.591][INFO]: /supplier/products/add-new-product?template_id=M20180321133922&sell_type=1 index end 1.301
[2019-01-04 17:34:54.728][INFO]: /supplier/products/add-new-product?template_id=M20180321133922&sell_type=1 index end 1.627
[2019-01-04 17:36:16.345][INFO]: /supplier/products/add-new-product?template_id=M20180321133922&sell_type=1 index end 1.300
[2019-01-04 17:38:21.282][INFO]: /supplier/products/add-new-product?template_id=M20180321133922&sell_type=1 index end 1.319
[2019-01-04 17:41:46.571][INFO]: /supplier/products/add-new-product?template_id=M20180321133922&sell_type=1 index end 1.628
[2019-01-04 17:43:59.340][INFO]: /supplier/products/add-new-product?template_id=M20180321133922&sell_type=1 index end 1.643
[2019-01-04 17:49:19.729][INFO]: /supplier/products/add-new-product?template_id=M20180321133922&sell_type=1 index end 1.652
[2019-01-04 17:55:57.838][INFO]: /supplier/products/add-new-product?template_id=M20180321133922&sell_type=1 index end 1.652
[2019-01-04 17:57:12.199][INFO]: /supplier/products/add-new-product?template_id=M20180321133922&sell_type=1 index end 1.629
[2019-01-04 17:57:40.168][INFO]: /supplier/products/add-new-product?template_id=M20180321133922&sell_type=1 index end 1.641
[2019-01-04 17:58:44.536][INFO]: /supplier/products/add-new-product?template_id=M20180321133922&sell_type=1 index end 1.617
[2019-01-04 17:59:26.765][INFO]: /supplier/products/add-new-product?template_id=M20180321133922&sell_type=1 index end 1.639
[2019-01-04 18:05:09.048][INFO]: /supplier/products/add-new-product?template_id=M20180321133922&sell_type=1 index end 1.625
[2019-01-04 18:31:57.131][INFO]: /supplier/products/add-new-product?template_id=M20180321133922&sell_type=1 index end 1.661
[2019-01-04 18:40:50.747][INFO]: /supplier/products/add-new-product?template_id=M20180321133922&sell_type=1 index end 1.662
[2019-01-04 18:41:35.886][INFO]: /supplier/products/add-new-product?template_id=M20180321133922&sell_type=1 index end 1.668
[2019-01-04 18:45:39.404][INFO]: /supplier/products/add-new-product?template_id=M20180321133922&sell_type=1 index end 1.643
[2019-01-04 18:48:53.188][INFO]: /supplier/products/add-new-product?template_id=M20180321133922&sell_type=1 index end 1.641
[2019-01-04 18:49:22.878][INFO]: /supplier/products/add-new-product?template_id=M20180321133922&sell_type=1 index end 1.648
[2019-01-04 18:50:33.266][INFO]: /supplier/products/add-new-product?template_id=M20180321133922&sell_type=1 index end 1.311
[2019-01-04 18:50:50.585][INFO]: /supplier/products/add-new-product?template_id=M20180321133922&sell_type=1 index end 1.596
[2019-01-04 18:52:05.257][INFO]: /supplier/products/add-new-product?template_id=M20180321133922&sell_type=1 index end 1.630
[2019-01-04 18:53:28.528][INFO]: /supplier/products/add-new-product?template_id=M20180321133922&sell_type=1 index end 1.292
[2019-01-04 18:55:13.383][INFO]: /supplier/products/add-new-product?template_id=M20180321133922&sell_type=1 index end 1.607
[2019-01-05 00:35:56.253][INFO]: /supplier/products/add-new-product?template_id=M20180321133922&sell_type=1 index end 1.919
[2019-01-05 01:58:26.411][INFO]: /supplier/products/add-new-product?template_id=M20180321133922&sell_type=1 index end 1.912
[2019-01-05 02:18:06.842][INFO]: /supplier/products/add-new-product?template_id=M20180321133922&sell_type=1 index end 1.708
[2019-01-05 02:21:46.878][INFO]: /supplier/products/add-new-product?template_id=M20180321133922&sell_type=1 index end 1.709
[2019-01-05 02:23:38.000][INFO]: /supplier/products/add-new-product?template_id=M20180321133922&sell_type=1 index end 1.693
[2019-01-05 02:29:11.188][INFO]: /supplier/products/add-new-product?template_id=M20180321133922&sell_type=1 index end 1.702
[2019-01-05 02:30:49.970][INFO]: /supplier/products/add-new-product?template_id=M20180321133922&sell_type=1 index end 1.675
[2019-01-05 02:31:18.120][INFO]: /supplier/products/add-new-product index end 1.087
[2019-01-05 02:33:04.420][INFO]: /supplier/products/add-new-product?template_id=M20180321133922&sell_type=1 index end 1.651
[2019-01-05 02:33:09.972][INFO]: /supplier/products/add-new-product index end 1.036
[2019-01-05 02:33:23.792][INFO]: /supplier/products/add-new-product?template_id=M20180321133922&sell_type=1 index end 1.657
[2019-01-05 04:02:24.244][INFO]: /supplier/products/add-new-product index end 4.884
[2019-01-05 04:03:53.622][INFO]: /supplier/products/add-new-product?template_id=M20180321133922&sell_type=1 index end 1.776
[2019-01-05 04:05:56.392][INFO]: /supplier/products/add-new-product?template_id=M20180321133922&sell_type=1 index end 1.671
[2019-01-05 04:16:07.451][INFO]: /supplier/products/add-new-product?template_id=M20180321133922&sell_type=1 index end 4.897
[2019-01-05 04:17:14.487][INFO]: /supplier/products/add-new-product?template_id=M20180321133922&sell_type=1 index end 4.885
[2019-01-05 04:18:48.567][INFO]: /supplier/products/add-new-product?template_id=M20180321133922&sell_type=1 index end 4.933
[2019-01-05 04:20:00.430][INFO]: /supplier/products/add-new-product?template_id=M20180321133922&sell_type=1 index end 4.989
[2019-01-05 04:26:15.581][INFO]: /supplier/products/add-new-product?template_id=M20180321133922&sell_type=1 index end 4.950
[2019-01-05 12:40:47.067][INFO]: /supplier/products index end 4.844
[2019-01-05 12:40:48.198][INFO]: /passport/login index end 1.015
[2019-01-05 12:40:51.188][INFO]: /passport/login index end 1.081
[2019-01-05 12:40:52.278][INFO]: /passport/ index end 1.048
[2019-01-05 12:41:00.617][INFO]: /supplier/products index end 1.025
[2019-01-05 12:41:01.821][INFO]: /supplier/products/template-list index end 1.123
[2019-01-05 12:41:03.179][INFO]: /supplier/products/template-list?sell_type=&auto_refund=&status=&supply_type=&range_time=&name=&id=&info=&page=1&limit=10 index end 1.172
[2019-01-05 12:41:16.519][INFO]: /admin/users index end 0.947
[2019-01-05 12:41:17.545][INFO]: /admin/login index end 0.958
[2019-01-05 12:41:20.698][INFO]: /admin/login index end 1.073
[2019-01-05 12:41:22.298][INFO]: /admin/login index end 1.558
[2019-01-05 12:41:38.032][INFO]: /supplier/products/products-list?template_id=M20180321133922&sell_type=1 index end 1.114
[2019-01-05 12:41:39.431][INFO]: /supplier/products/products-list?template_id=M20180321133922&sell_type=1&add_exist_product=0&page=1&limit=10 index end 1.101
[2019-01-05 12:41:41.656][INFO]: /supplier/products/add-new-product?template_id=M20180321133922&sell_type=1 index end 1.309
[2019-01-05 12:47:39.052][INFO]: /supplier/products/add-new-product?template_id=M20180321133922&sell_type=1 index end 5.065
[2019-01-05 12:49:17.710][INFO]: /supplier/products/add-new-product?template_id=M20180321133922&sell_type=1 index end 4.388
[2019-01-05 12:49:19.226][INFO]: /supplier/products/add-new-product?template_id=M20180321133922&sell_type=1 index end 1.368
[2019-01-05 12:55:41.896][INFO]: /supplier/products/add-new-product?template_id=M20180321133922&sell_type=1 index end 1.719
[2019-01-05 12:55:55.741][INFO]: /supplier/products/add-new-product?template_id=M20180321133922&sell_type=1 index end 1.408
[2019-01-05 12:56:32.601][INFO]: /supplier/products/add-new-product?template_id=M20180321133922&sell_type=1 index end 1.276
[2019-01-05 12:57:26.333][INFO]: /supplier/products/add-new-product?template_id=M20180321133922&sell_type=1 index end 1.652
[2019-01-05 12:58:07.938][INFO]: /supplier/products/add-new-product?template_id=M20180321133922&sell_type=1 index end 1.701
[2019-01-05 12:58:45.299][INFO]: /supplier/products/add-new-product?template_id=M20180321133922&sell_type=1 index end 1.124
[2019-01-05 12:58:46.784][INFO]: /supplier/products/add-new-product?template_id=M20180321133922&sell_type=1 index end 1.393
[2019-01-05 13:02:56.907][INFO]: /supplier/products/add-new-product?template_id=M20180321133922&sell_type=1 index end 5.069
[2019-01-05 13:04:14.593][INFO]: /supplier/products/add-new-product?template_id=M20180321133922&sell_type=1 index end 3.846
[2019-01-05 13:04:16.403][INFO]: /supplier/products/add-new-product?template_id=M20180321133922&sell_type=1 index end 1.730
[2019-01-05 13:08:33.681][INFO]: /supplier/products index end 1.077
[2019-01-05 13:08:34.832][INFO]: /supplier/products/template-list index end 1.110
[2019-01-05 13:08:36.412][INFO]: /supplier/products/template-list?sell_type=&auto_refund=&status=&supply_type=&range_time=&name=&id=&info=&page=1&limit=10 index end 1.180
[2019-01-05 13:08:41.521][INFO]: /supplier/products/products-list?template_id=M20180329162927&sell_type=3 index end 1.130
[2019-01-05 13:08:43.038][INFO]: /supplier/products/products-list?template_id=M20180329162927&sell_type=3&add_exist_product=0&page=1&limit=10 index end 1.130
[2019-01-05 13:08:52.995][INFO]: /supplier/products/products-list?template_id=M20180515173616&sell_type=4 index end 1.168
[2019-01-05 13:08:54.454][INFO]: /supplier/products/products-list?template_id=M20180515173616&sell_type=4&add_exist_product=0&page=1&limit=10 index end 1.112
[2019-01-05 13:08:58.498][INFO]: /supplier/products/add-new-product?template_id=M20180515173616&sell_type=4 index end 2.535
[2019-01-05 13:17:10.838][INFO]: /supplier/products/add-new-product?template_id=M20180515173616&sell_type=4 index end 1.748
[2019-01-05 13:17:43.452][INFO]: /supplier/products/add-new-product?template_id=M20180515173616&sell_type=4 index end 1.359
[2019-01-05 13:21:32.207][INFO]: /supplier/products index end 1.044
[2019-01-05 13:21:33.432][INFO]: /supplier/products/template-list index end 1.159
[2019-01-05 13:21:34.987][INFO]: /supplier/products/template-list?sell_type=&auto_refund=&status=&supply_type=&range_time=&name=&id=&info=&page=1&limit=10 index end 1.197
[2019-01-05 13:21:46.969][INFO]: /supplier/products/products-list?template_id=M20180329162927&sell_type=3 index end 1.129
[2019-01-05 13:21:48.499][INFO]: /supplier/products/products-list?template_id=M20180329162927&sell_type=3&add_exist_product=0&page=1&limit=10 index end 1.144
[2019-01-05 13:21:55.243][INFO]: /supplier/products/products-list?template_id=M20180515173616&sell_type=4 index end 1.109
[2019-01-05 13:21:56.678][INFO]: /supplier/products/products-list?template_id=M20180515173616&sell_type=4&add_exist_product=0&page=1&limit=10 index end 1.133
[2019-01-05 13:22:49.996][INFO]: /supplier/products/template-list?sell_type=&auto_refund=&status=&supply_type=&range_time=&name=&id=&info=&page=2&limit=10 index end 1.126
[2019-01-05 13:23:06.172][INFO]: /supplier/products/template-list?sell_type=&auto_refund=&status=&supply_type=&range_time=&name=&id=M20180118172517&info=&page=1&limit=10 index end 1.163
[2019-01-05 13:28:54.949][INFO]: /supplier/products/template-list index end 1.418
[2019-01-05 13:28:56.618][INFO]: /supplier/products/template-list?sell_type=&auto_refund=&status=&supply_type=&range_time=&name=&id=&info=&page=1&limit=10 index end 1.274
[2019-01-05 13:29:03.338][INFO]: /supplier/products/products-list?template_id=M20180118172517&sell_type=10 index end 1.133
[2019-01-05 13:29:05.614][INFO]: /supplier/products/products-list?template_id=M20180118172517&sell_type=10&add_exist_product=0&page=1&limit=10 index end 1.084
[2019-01-05 13:29:12.527][INFO]: /supplier/products/add-new-product?template_id=M20180118172517&sell_type=10 index end 1.647
[2019-01-05 13:43:23.924][INFO]: /supplier/products/add-new-product?template_id=M20180118172517&sell_type=10 index end 1.720
[2019-01-05 13:44:23.216][INFO]: /supplier/products/add-new-product?template_id=M20180118172517&sell_type=10 index end 1.698
[2019-01-05 13:46:33.004][INFO]: /supplier/products/add-new-product?template_id=M20180118172517&sell_type=10 index end 1.740
[2019-01-05 13:47:53.030][INFO]: /supplier/products/add-new-product?template_id=M20180118172517&sell_type=1 index end 1.154
[2019-01-05 13:47:54.415][INFO]: /supplier/products/add-new-product?template_id=M20180118172517&sell_type=10 index end 1.331
[2019-01-05 14:48:41.167][INFO]: /supplier/products index end 1.241
[2019-01-05 14:48:42.427][INFO]: /supplier/products/template-list index end 1.154
[2019-01-05 14:48:43.953][INFO]: /supplier/products/template-list?sell_type=&auto_refund=&status=&supply_type=&range_time=&name=&id=&info=&page=1&limit=10 index end 1.166
[2019-01-05 14:50:12.270][INFO]: /supplier/products/products-list?template_id=M20180118172517&sell_type=10 index end 1.114
[2019-01-05 14:50:13.641][INFO]: /supplier/products/products-list?template_id=M20180118172517&sell_type=10&add_exist_product=0&page=1&limit=10 index end 1.070
[2019-01-05 14:50:19.294][INFO]: /supplier/products/add-new-product?template_id=M20180118172517&sell_type=10 index end 1.284
[2019-01-05 14:50:55.799][INFO]: /supplier/products/add-new-product?template_id=M20180118172517&sell_type=1 index end 1.115
[2019-01-05 14:50:57.180][INFO]: /supplier/products/add-new-product?template_id=M20180118172517&sell_type=10 index end 1.286
[2019-01-05 14:51:00.968][INFO]: /supplier/products index end 1.042
[2019-01-05 14:51:02.606][INFO]: /supplier/products/template-list index end 1.574
[2019-01-05 14:51:05.062][INFO]: /supplier/products/template-list?sell_type=&auto_refund=&status=&supply_type=&range_time=&name=&id=&info=&page=1&limit=10 index end 1.317
[2019-01-05 14:53:03.991][INFO]: /supplier/products/products-list?template_id=M20180118172517&sell_type=10 index end 4.798
[2019-01-05 14:53:05.519][INFO]: /supplier/products/products-list?template_id=M20180118172517&sell_type=10&add_exist_product=0&page=1&limit=10 index end 1.165
[2019-01-05 14:54:43.388][INFO]: /supplier/products/add-new-product?template_id=M20180118172517&sell_type=10 index end 1.600
[2019-01-05 14:55:04.238][INFO]: /supplier/products/add-new-product?template_id=M20180118172517&sell_type=10 index end 1.088
[2019-01-05 14:55:05.622][INFO]: /supplier/products/add-new-product?template_id=M20180118172517&sell_type=10 index end 1.261
[2019-01-05 15:04:45.781][INFO]: /supplier/products/add-new-product?template_id=M20180118172517&sell_type=10 index end 1.656
[2019-01-05 15:05:34.268][INFO]: /supplier/products/add-new-product?template_id=M20180118172517&sell_type=10 index end 1.917
[2019-01-05 15:05:35.613][INFO]: /supplier/products/add-new-product?template_id=M20180118172517&sell_type=10 index end 1.248
[2019-01-05 15:05:40.397][INFO]: /supplier/products index end 0.993
[2019-01-05 15:05:41.583][INFO]: /supplier/products/template-list index end 1.066
[2019-01-05 15:05:42.853][INFO]: /supplier/products/template-list?sell_type=&auto_refund=&status=&supply_type=&range_time=&name=&id=&info=&page=1&limit=10 index end 1.119
[2019-01-05 15:05:47.385][INFO]: /supplier/products/products-list?template_id=M20180118172517&sell_type=10 index end 1.107
[2019-01-05 15:05:48.633][INFO]: /supplier/products/products-list?template_id=M20180118172517&sell_type=10&add_exist_product=0&page=1&limit=10 index end 1.047
[2019-01-05 15:34:36.952][INFO]: /admin/users index end 0.982
[2019-01-05 15:34:37.924][INFO]: /admin/login index end 0.933
[2019-01-05 15:34:53.510][INFO]: /admin/login index end 1.017
[2019-01-05 15:34:54.597][INFO]: /admin/dashboard index end 1.004
[2019-01-05 15:35:02.958][INFO]: /product/product-mobile/list index end 1.801
[2019-01-05 15:35:13.567][INFO]: /admin/audit/account-application index end 1.034
[2019-01-05 15:35:14.779][INFO]: /admin/audit/account-application?platform_id=&status=&type=&range_time=&keyword=&page=1&limit=10 index end 1.038
[2019-01-05 15:35:18.919][INFO]: /admin/audit/withdraws index end 1.040
[2019-01-05 15:35:21.200][INFO]: /admin/audit/withdraws?trade_status=&range_time=&keyword=&page=1&limit=10 index end 1.000
[2019-01-05 15:35:27.569][INFO]: /admin/audit/withdraw-accounts index end 1.018
[2019-01-05 15:35:28.751][INFO]: /admin/audit/withdraw-accounts?verify_status=&range_time=&keyword=&page=1&limit=10 index end 0.990
[2019-01-05 15:37:13.994][INFO]: /admin/audit/withdraw-accounts index end 1.215
[2019-01-05 15:37:15.325][INFO]: /admin/audit/withdraw-accounts?verify_status=&range_time=&keyword=&page=1&limit=10 index end 1.037
[2019-01-05 15:37:21.296][INFO]: /admin/audit/withdraws index end 1.058
[2019-01-05 15:37:22.473][INFO]: /admin/audit/withdraws?trade_status=&range_time=&keyword=&page=1&limit=10 index end 1.027
[2019-01-05 15:38:42.837][INFO]: /admin/audit/withdraws index end 1.010
[2019-01-05 15:38:44.134][INFO]: /admin/audit/withdraws?trade_status=&range_time=&keyword=&page=1&limit=10 index end 1.003
[2019-01-06 11:13:16.643][INFO]: /admin/users index end 1.177
[2019-01-06 11:13:17.732][INFO]: /admin/login index end 1.003
[2019-01-06 11:13:25.022][INFO]: /admin/login index end 1.046
[2019-01-06 11:13:26.134][INFO]: /admin/dashboard index end 1.047
[2019-01-06 11:13:31.321][INFO]: /admin/audit/account-application index end 1.081
[2019-01-06 11:13:32.641][INFO]: /admin/audit/account-application?platform_id=&status=&type=&range_time=&keyword=&page=1&limit=10 index end 1.082
[2019-01-06 11:13:35.568][INFO]: /admin/audit/withdraws index end 1.086
[2019-01-06 11:13:36.755][INFO]: /admin/audit/withdraws?trade_status=&range_time=&keyword=&page=1&limit=10 index end 1.050
[2019-01-06 11:13:44.034][INFO]: /admin/audit/withdraws index end 1.076
[2019-01-06 11:13:45.224][INFO]: /admin/audit/withdraws?trade_status=&range_time=&keyword=&page=1&limit=10 index end 1.054
[2019-01-06 11:13:51.061][INFO]: /admin/audit/withdraws index end 1.046
[2019-01-06 11:13:52.259][INFO]: /admin/audit/withdraws?trade_status=&range_time=&keyword=&page=1&limit=10 index end 1.035
[2019-01-06 11:13:53.403][INFO]: /admin/audit/withdraw-accounts index end 1.071
[2019-01-06 11:13:54.629][INFO]: /admin/audit/withdraw-accounts?verify_status=&range_time=&keyword=&page=1&limit=10 index end 1.057
[2019-01-06 11:17:57.517][INFO]: /admin/audit/withdraw-accounts index end 1.284
[2019-01-06 11:17:58.837][INFO]: /admin/audit/withdraw-accounts?verify_status=&range_time=&keyword=&page=1&limit=10 index end 1.091
[2019-01-06 11:20:35.092][INFO]: /admin/audit/withdraw-accounts index end 1.306
[2019-01-06 11:20:36.489][INFO]: /admin/audit/withdraw-accounts?verify_status=&range_time=&keyword=&page=1&limit=10 index end 1.092
[2019-01-06 11:21:52.112][INFO]: /admin/audit/withdraw-accounts index end 1.166
[2019-01-06 11:21:53.447][INFO]: /admin/audit/withdraw-accounts?verify_status=&range_time=&keyword=&page=1&limit=10 index end 1.089
[2019-01-06 11:26:56.203][INFO]: /admin/audit/withdraw-accounts index end 1.756
[2019-01-06 11:26:57.576][INFO]: /admin/audit/withdraw-accounts?verify_status=&range_time=&keyword=&page=1&limit=10 index end 1.109
[2019-01-06 11:27:04.597][INFO]: /assets/common/js/axios.min.map index end 1.466
[2019-01-06 11:28:15.242][INFO]: /admin/audit/withdraw-accounts-review index end 4.681
[2019-01-06 11:29:12.820][INFO]: /admin/audit/withdraw-accounts index end 1.284
[2019-01-06 11:29:14.266][INFO]: /admin/audit/withdraw-accounts?verify_status=&range_time=&keyword=&page=1&limit=10 index end 1.123
[2019-01-06 11:29:15.812][INFO]: /assets/common/js/axios.min.map index end 1.461
[2019-01-06 11:29:25.074][INFO]: /admin/audit/withdraw-accounts-review index end 1.050
[2019-01-06 11:31:50.152][INFO]: /assets/common/js/axios.min.map index end 1.963
[2019-01-06 11:32:42.409][INFO]: /admin/audit/withdraw-accounts index end 1.209
[2019-01-06 11:32:44.012][INFO]: /admin/audit/withdraw-accounts?verify_status=&range_time=&keyword=&page=1&limit=10 index end 1.303
[2019-01-06 11:32:45.640][INFO]: /assets/common/js/axios.min.map index end 1.520
[2019-01-06 11:32:53.764][INFO]: /admin/audit/withdraw-accounts-review index end 1.066
[2019-01-06 11:32:54.988][INFO]: /admin/audit/withdraw-accounts index end 1.081
[2019-01-06 11:32:56.305][INFO]: /admin/audit/withdraw-accounts?verify_status=&range_time=&keyword=&page=1&limit=10 index end 1.070
[2019-01-06 11:32:57.792][INFO]: /assets/common/js/axios.min.map index end 1.441
[2019-01-06 11:36:52.444][INFO]: /admin/audit/withdraw-accounts index end 1.264
[2019-01-06 11:36:53.943][INFO]: /admin/audit/withdraw-accounts?verify_status=&range_time=&keyword=&page=1&limit=10 index end 1.137
[2019-01-06 11:36:55.542][INFO]: /assets/common/js/axios.min.map index end 1.519
[2019-01-06 11:40:04.085][INFO]: /admin/audit/withdraw-accounts index end 1.133
[2019-01-06 11:40:05.867][INFO]: /assets/common/js/axios.min.map index end 1.505
[2019-01-06 11:40:07.014][INFO]: /admin/audit/withdraw-accounts?verify_status=&range_time=&keyword=&page=1&limit=10 index end 1.033
[2019-01-06 11:40:37.916][INFO]: /admin/audit/withdraw-accounts index end 1.048
[2019-01-06 11:40:39.360][INFO]: /admin/audit/withdraw-accounts?verify_status=&range_time=&keyword=&page=1&limit=10 index end 1.074
[2019-01-06 11:40:40.854][INFO]: /assets/common/js/axios.min.map index end 1.454
[2019-01-06 11:42:09.155][INFO]: /admin/audit/withdraw-accounts index end 1.267
[2019-01-06 11:42:10.554][INFO]: /admin/audit/withdraw-accounts?verify_status=&range_time=&keyword=&page=1&limit=10 index end 1.127
[2019-01-06 11:42:12.126][INFO]: /assets/common/js/axios.min.map index end 1.520
[2019-01-06 11:43:09.767][INFO]: /admin/audit/withdraw-accounts index end 1.216
[2019-01-06 11:43:11.170][INFO]: /admin/audit/withdraw-accounts?verify_status=&range_time=&keyword=&page=1&limit=10 index end 1.108
[2019-01-06 11:43:12.797][INFO]: /assets/common/js/axios.min.map index end 1.526
[2019-01-06 11:43:16.697][INFO]: /admin/audit/withdraw-accounts-review index end 1.080
[2019-01-06 11:43:17.906][INFO]: /admin/audit/withdraw-accounts index end 1.074
[2019-01-06 11:43:19.202][INFO]: /admin/audit/withdraw-accounts?verify_status=&range_time=&keyword=&page=1&limit=10 index end 1.045
[2019-01-06 11:43:20.731][INFO]: /assets/common/js/axios.min.map index end 1.461
[2019-01-06 11:46:27.117][INFO]: /admin/audit/withdraw-accounts index end 1.227
[2019-01-06 11:46:28.522][INFO]: /admin/audit/withdraw-accounts?verify_status=&range_time=&keyword=&page=1&limit=10 index end 1.113
[2019-01-06 11:46:30.705][INFO]: /assets/common/js/axios.min.map index end 2.085
[2019-01-06 11:46:32.812][INFO]: /admin/audit/withdraw-accounts-review index end 1.058
[2019-01-06 11:46:33.945][INFO]: /admin/audit/withdraw-accounts index end 1.078
[2019-01-06 11:46:35.337][INFO]: /admin/audit/withdraw-accounts?verify_status=&range_time=&keyword=&page=1&limit=10 index end 1.046
[2019-01-06 11:46:36.932][INFO]: /assets/common/js/axios.min.map index end 1.520
[2019-01-06 11:46:41.710][INFO]: /admin/audit/withdraw-accounts-review index end 1.067
[2019-01-06 11:46:42.825][INFO]: /admin/audit/withdraw-accounts index end 1.070
[2019-01-06 11:46:44.141][INFO]: /admin/audit/withdraw-accounts?verify_status=&range_time=&keyword=&page=1&limit=10 index end 1.070
[2019-01-06 11:46:45.639][INFO]: /assets/common/js/axios.min.map index end 1.455
[2019-01-06 14:39:02.866][INFO]: /admin/audit/withdraws index end 1.604
[2019-01-06 14:39:04.287][INFO]: /admin/audit/withdraws?trade_status=&range_time=&keyword=&page=1&limit=10 index end 1.122
[2019-01-06 14:39:05.922][INFO]: /assets/common/js/axios.min.map index end 1.546
[2019-01-06 15:26:09.772][INFO]: /admin/audit/withdraws index end 1.257
[2019-01-06 15:26:11.263][INFO]: /admin/audit/withdraws?trade_status=&range_time=&keyword=&page=1&limit=10 index end 1.134
[2019-01-06 15:26:12.857][INFO]: /assets/common/js/axios.min.map index end 1.519
[2019-01-06 15:26:56.248][INFO]: /admin/audit/withdraws index end 1.233
[2019-01-06 15:26:57.767][INFO]: /admin/audit/withdraws?trade_status=&range_time=&keyword=&page=1&limit=10 index end 1.134
[2019-01-06 15:26:59.334][INFO]: /assets/common/js/axios.min.map index end 1.493
[2019-01-06 15:27:29.048][INFO]: /admin/audit/withdraws index end 1.258
[2019-01-06 15:27:30.512][INFO]: /admin/audit/withdraws?trade_status=&range_time=&keyword=&page=1&limit=10 index end 1.201
[2019-01-06 15:27:32.108][INFO]: /assets/common/js/axios.min.map index end 1.486
[2019-01-06 15:28:40.455][INFO]: /admin/audit/withdraws index end 1.241
[2019-01-06 15:28:41.847][INFO]: /admin/audit/withdraws?trade_status=&range_time=&keyword=&page=1&limit=10 index end 1.114
[2019-01-06 15:28:43.434][INFO]: /assets/common/js/axios.min.map index end 1.490
[2019-01-06 16:11:33.166][INFO]: /admin/audit/withdraws index end 38.548
[2019-01-06 16:11:34.568][INFO]: /admin/audit/withdraws?trade_status=&range_time=&keyword=&page=1&limit=10 index end 1.050
[2019-01-06 16:11:36.054][INFO]: /assets/common/js/axios.min.map index end 1.428
[2019-01-06 16:15:36.251][INFO]: /admin/audit/withdraws index end 4.166
[2019-01-06 16:15:37.730][INFO]: /admin/audit/withdraws?trade_status=&range_time=&keyword=&page=1&limit=10 index end 1.111
[2019-01-06 16:15:39.287][INFO]: /assets/common/js/axios.min.map index end 1.456
[2019-01-06 16:15:48.941][INFO]: /admin/audit/withdraw-review index end 1.022
[2019-01-06 16:16:00.114][INFO]: /admin/audit/withdraw-review index end 0.999
[2019-01-06 16:23:15.673][INFO]: /admin/audit/withdraws index end 1.229
[2019-01-06 16:23:17.083][INFO]: /admin/audit/withdraws?trade_status=&range_time=&keyword=&page=1&limit=10 index end 1.122
[2019-01-06 16:23:18.626][INFO]: /assets/common/js/axios.min.map index end 1.446
[2019-01-06 16:24:02.693][INFO]: /admin/audit/withdraws index end 1.235
[2019-01-06 16:24:04.070][INFO]: /admin/audit/withdraws?trade_status=&range_time=&keyword=&page=1&limit=10 index end 1.093
[2019-01-06 16:24:05.699][INFO]: /assets/common/js/axios.min.map index end 1.506
[2019-01-06 16:24:19.121][INFO]: /admin/audit/withdraw-review index end 1.095
[2019-01-06 16:24:20.317][INFO]: /admin/audit/withdraws index end 1.069
[2019-01-06 16:24:21.616][INFO]: /admin/audit/withdraws?trade_status=&range_time=&keyword=&page=1&limit=10 index end 1.056
[2019-01-06 16:24:23.120][INFO]: /assets/common/js/axios.min.map index end 1.449
[2019-01-06 16:24:52.459][INFO]: /admin/audit/withdraws index end 1.239
[2019-01-06 16:24:53.863][INFO]: /admin/audit/withdraws?trade_status=&range_time=&keyword=&page=1&limit=10 index end 1.124
[2019-01-06 16:24:55.469][INFO]: /assets/common/js/axios.min.map index end 1.515
[2019-01-06 16:26:22.668][INFO]: /admin/audit/edit-withdraw index end 1.079
[2019-01-06 16:26:23.838][INFO]: /admin/audit/withdraws index end 1.046
[2019-01-06 16:26:25.148][INFO]: /admin/audit/withdraws?trade_status=&range_time=&keyword=&page=1&limit=10 index end 1.041
[2019-01-06 16:26:26.673][INFO]: /assets/common/js/axios.min.map index end 1.455
[2019-01-17 14:15:31.370][INFO]: /supplier index end 34.661
[2019-01-17 14:15:39.050][INFO]: /passport/ index end 5.853
[2019-01-17 14:15:41.033][INFO]: /passport/login index end 1.863
[2019-01-17 14:16:10.236][INFO]: /passport/login index end 0.903
[2019-01-17 14:16:14.969][INFO]: /passport/ index end 4.585
[2019-01-17 14:19:06.654][INFO]: /passport/ index end 1.170
[2019-01-17 14:19:08.060][INFO]: /passport/ip-query index end 1.040
[2019-01-17 14:19:09.196][INFO]: /passport/safe-inspect index end 1.061
[2019-01-19 13:18:53.767][INFO]: /supplier index end 43.035
[2019-01-19 13:18:58.061][INFO]: /supplier/ index end 4.197
[2019-01-19 13:28:14.230][INFO]: / index end 3.320
[2019-01-19 13:29:08.372][INFO]: /passport/login index end 1.802
[2019-01-19 13:31:12.050][INFO]: /passport/login index end 0.906
[2019-01-19 13:31:13.580][INFO]: /passport/ index end 1.428
[2019-01-19 13:31:15.796][INFO]: /passport/ip-query index end 1.021
[2019-01-19 13:31:16.708][INFO]: /passport/safe-inspect index end 0.817
[2019-01-19 13:31:37.334][INFO]: /identity index end 1.163
[2019-01-19 13:32:55.202][INFO]: /identity index end 1.123
[2019-01-19 13:36:39.893][INFO]: /passport/ index end 1.058
[2019-01-19 13:36:41.183][INFO]: /passport/ip-query index end 0.937
[2019-01-19 13:36:42.086][INFO]: /passport/safe-inspect index end 0.827
[2019-01-19 13:36:46.359][INFO]: /passport/identity index end 1.556
[2019-01-19 13:37:01.635][INFO]: /passport/protect index end 1.177
[2019-01-19 13:37:19.033][INFO]: /supplier/ index end 0.973
[2019-01-19 13:37:22.928][INFO]: /passport/login index end 0.831
[2019-01-19 13:37:25.507][INFO]: /supplier/dashboard index end 2.500
[2019-01-19 13:56:41.790][INFO]: /passport/tool?type=mobile index end 44.438
[2019-01-19 14:41:41.348][INFO]: /supplier/dashboard index end 43.124
[2019-01-19 14:41:42.474][INFO]: /passport/tool?type=mobile index end 1.038
[2019-01-19 14:41:47.796][INFO]: /passport/tool index end 0.893
[2019-01-19 14:41:49.796][INFO]: /passport/tool?type=email index end 1.075
[2019-01-19 14:41:52.540][INFO]: /passport/tool?type=question index end 1.189
[2019-01-19 14:41:55.938][INFO]: /passport/safe-center/identity-verify-way?type=16 index end 1.355
[2019-01-19 14:42:22.874][INFO]: /supplier/finance index end 5.638
[2019-01-19 14:42:24.108][INFO]: /supplier/finance/trade-list?page=1&limit=10 index end 0.980
[2019-01-19 14:42:29.995][INFO]: /supplier/products/source-groups/products?template_id=2018110818182225859070762158859&produc_cate_id=null index end 0.808
[2019-01-19 14:42:35.373][INFO]: /supplier/products/source-groups/products?template_id=2018110818182225859070762158850&produc_cate_id=null index end 0.825
[2019-01-19 14:44:23.812][INFO]: /supplier/ index end 0.906
[2019-01-19 14:44:26.461][INFO]: /passport/login index end 0.927
[2019-01-19 14:44:27.536][INFO]: /supplier/dashboard index end 0.991
[2019-01-19 14:44:30.733][INFO]: /supplier/finance index end 0.947
[2019-01-19 14:44:31.739][INFO]: /supplier/finance/trade-list?page=1&limit=10 index end 0.844
[2019-01-19 14:45:02.768][INFO]: /supplier/finance/trade-list index end 2.378
[2019-01-19 14:45:04.016][INFO]: /supplier/finance/trade-list?outer_sn=&order_id=&name=&trade_log_type=&payment_class_id=&amount_min=&amount_max=&trade_status=&range_time=&page=1&limit=10 index end 0.995
[2019-01-20 15:42:23.641][INFO]: /admin/users index end 43.628
[2019-01-20 15:42:24.615][INFO]: /admin/users index end 0.849
[2019-01-20 15:42:25.689][INFO]: /admin/login index end 1.012
[2019-01-20 15:43:01.519][INFO]: /admin/login index end 0.956
[2019-01-20 15:43:02.518][INFO]: /admin/login index end 0.951
[2019-01-20 15:43:10.581][INFO]: /admin/login index end 0.947
[2019-01-20 15:43:12.406][INFO]: /admin/login index end 0.856
[2019-01-20 15:43:21.502][INFO]: /admin/login index end 0.780
[2019-01-20 15:43:23.445][INFO]: /admin/dashboard index end 1.917
[2019-01-20 15:43:28.828][INFO]: /admin/orders/recharge?product_cate_id=1 index end 2.145
[2019-01-20 15:44:56.682][INFO]: /admin/orders/recharge?product_cate_id=1 index end 2.106
[2019-01-20 15:44:58.190][INFO]: /admin/orders/recharge?order_mark=0&product_cate_id=1&platform_id=&status=&recharge_status=&settlement_status=&settle_status=&range_time=&id=&page=1&limit=10 index end 1.161
[2019-01-20 15:45:15.147][INFO]: /admin/orders/recharge?order_mark=0&product_cate_id=1&platform_id=&status=&recharge_status=&settlement_status=&settle_status=&range_time=&id=&page=2&limit=10 index end 0.917
[2019-01-20 15:45:22.692][INFO]: /admin/orders/recharge?order_mark=0&product_cate_id=1&platform_id=&status=&recharge_status=&settlement_status=&settle_status=&range_time=&id=&page=3&limit=10 index end 0.889
[2019-01-20 15:45:32.467][INFO]: /admin/orders/recharge?order_mark=0&product_cate_id=1&platform_id=&status=&recharge_status=&settlement_status=&settle_status=&range_time=&id=&page=4&limit=10 index end 0.883
[2019-01-20 15:45:57.797][INFO]: /admin/orders/get-order-mark-total index end 0.807
[2019-01-20 15:45:58.698][INFO]: /admin/orders/get-recharge-order-type-total index end 0.800
[2019-01-20 15:46:57.870][INFO]: /admin/orders/get-order-mark-total index end 0.807
[2019-01-20 15:46:58.845][INFO]: /admin/orders/get-recharge-order-type-total index end 0.880
[2019-01-20 15:47:03.069][INFO]: /admin/orders/set-success index end 0.872
[2019-01-20 15:47:05.370][INFO]: /admin/orders/recharge?product_cate_id=1 index end 2.162
[2019-01-20 15:47:07.284][INFO]: /admin/orders/recharge?order_mark=0&product_cate_id=1&platform_id=&status=&recharge_status=&settlement_status=&settle_status=&range_time=&id=&page=1&limit=10 index end 1.654
[2019-01-20 15:47:33.904][INFO]: /assets/common/js/axios.min.map index end 1.049
[2019-01-20 15:48:06.405][INFO]: /admin/orders/get-order-mark-total index end 0.779
[2019-01-20 15:48:07.272][INFO]: /admin/orders/get-recharge-order-type-total index end 0.788
[2019-01-20 15:49:06.484][INFO]: /admin/orders/get-order-mark-total index end 0.875
[2019-01-20 15:49:07.363][INFO]: /admin/orders/get-recharge-order-type-total index end 0.800
[2019-01-20 15:49:45.371][INFO]: /admin/orders/recharge?product_cate_id=1 index end 0.975
[2019-01-20 15:49:46.686][INFO]: /assets/common/js/axios.min.map index end 1.072
[2019-01-20 15:49:47.652][INFO]: /admin/orders/recharge?order_mark=0&product_cate_id=1&platform_id=&status=&recharge_status=&settlement_status=&settle_status=&range_time=&id=&page=1&limit=10 index end 0.887
[2019-01-20 15:49:54.062][INFO]: /admin/orders/recharge?order_mark=0&product_cate_id=1&platform_id=&status=&recharge_status=&settlement_status=&settle_status=&range_time=&id=2018110818182225859070762158825&page=1&limit=10 index end 0.884
[2019-01-20 15:50:08.211][INFO]: /admin/orders/set-success index end 0.932
[2019-01-20 15:50:09.259][INFO]: /admin/orders/recharge?product_cate_id=1 index end 0.959
[2019-01-20 15:50:10.489][INFO]: /admin/orders/recharge?order_mark=0&product_cate_id=1&platform_id=&status=&recharge_status=&settlement_status=&settle_status=&range_time=&id=&page=1&limit=10 index end 0.981
[2019-01-20 15:50:11.576][INFO]: /assets/common/js/axios.min.map index end 1.004
[2019-01-20 15:50:17.628][INFO]: /admin/orders/recharge?order_mark=0&product_cate_id=1&platform_id=&status=&recharge_status=&settlement_status=&settle_status=&range_time=&id=2018110818182225859070762158825&page=1&limit=10 index end 0.853
[2019-01-20 15:51:10.474][INFO]: /admin/orders/get-order-mark-total index end 0.897
[2019-01-20 15:51:11.373][INFO]: /admin/orders/get-recharge-order-type-total index end 0.787
[2019-01-20 15:52:11.003][INFO]: /admin/orders/get-order-mark-total index end 0.774
[2019-01-20 15:52:11.866][INFO]: /admin/orders/get-recharge-order-type-total index end 0.789
[2019-01-20 15:53:11.149][INFO]: /admin/orders/get-order-mark-total index end 0.854
[2019-01-20 15:53:12.082][INFO]: /admin/orders/get-recharge-order-type-total index end 0.856
[2019-01-20 15:54:11.096][INFO]: /admin/orders/get-order-mark-total index end 0.816
[2019-01-20 15:54:11.953][INFO]: /admin/orders/get-recharge-order-type-total index end 0.774
[2019-01-20 15:55:11.026][INFO]: /admin/orders/get-order-mark-total index end 0.793
[2019-01-20 15:55:11.965][INFO]: /admin/orders/get-recharge-order-type-total index end 0.823
[2019-01-20 15:56:11.171][INFO]: /admin/orders/get-order-mark-total index end 0.868
[2019-01-20 15:56:12.046][INFO]: /admin/orders/get-recharge-order-type-total index end 0.799
[2019-01-20 15:57:11.086][INFO]: /admin/orders/get-order-mark-total index end 0.823
[2019-01-20 15:57:11.991][INFO]: /admin/orders/get-recharge-order-type-total index end 0.819
[2019-01-20 15:58:11.031][INFO]: /admin/orders/get-order-mark-total index end 0.816
[2019-01-20 15:58:11.963][INFO]: /admin/orders/get-recharge-order-type-total index end 0.836
[2019-01-20 15:59:11.064][INFO]: /admin/orders/get-order-mark-total index end 0.792
[2019-01-20 15:59:11.937][INFO]: /admin/orders/get-recharge-order-type-total index end 0.762
[2019-01-20 16:00:11.001][INFO]: /admin/orders/get-order-mark-total index end 0.786
[2019-01-20 16:00:11.961][INFO]: /admin/orders/get-recharge-order-type-total index end 0.839
[2019-01-20 16:01:11.087][INFO]: /admin/orders/get-order-mark-total index end 0.833
[2019-01-20 16:01:11.938][INFO]: /admin/orders/get-recharge-order-type-total index end 0.778
[2019-01-20 16:02:11.057][INFO]: /admin/orders/get-order-mark-total index end 0.775
[2019-01-20 16:02:11.916][INFO]: /admin/orders/get-recharge-order-type-total index end 0.783
[2019-01-20 16:03:11.089][INFO]: /admin/orders/get-order-mark-total index end 0.843
[2019-01-20 16:03:12.007][INFO]: /admin/orders/get-recharge-order-type-total index end 0.842
[2019-01-20 16:04:11.111][INFO]: /admin/orders/get-order-mark-total index end 0.846
[2019-01-20 16:04:11.986][INFO]: /admin/orders/get-recharge-order-type-total index end 0.794
[2019-01-20 16:05:11.009][INFO]: /admin/orders/get-order-mark-total index end 0.757
[2019-01-20 16:05:13.092][INFO]: /admin/orders/get-recharge-order-type-total index end 2.008
[2019-01-20 16:06:11.148][INFO]: /admin/orders/get-order-mark-total index end 0.858
[2019-01-20 16:06:12.057][INFO]: /admin/orders/get-recharge-order-type-total index end 0.833
[2019-01-20 16:07:11.079][INFO]: /admin/orders/get-order-mark-total index end 0.783
[2019-01-20 16:07:11.928][INFO]: /admin/orders/get-recharge-order-type-total index end 0.777
[2019-01-20 16:08:11.191][INFO]: /admin/orders/get-order-mark-total index end 0.990
[2019-01-20 16:08:12.344][INFO]: /admin/orders/get-recharge-order-type-total index end 0.856
[2019-01-20 16:09:11.002][INFO]: /admin/orders/get-order-mark-total index end 0.790
[2019-01-20 16:09:11.916][INFO]: /admin/orders/get-recharge-order-type-total index end 0.798
[2019-01-20 16:10:11.087][INFO]: /admin/orders/get-order-mark-total index end 0.836
[2019-01-20 16:10:12.071][INFO]: /admin/orders/get-recharge-order-type-total index end 0.913
[2019-01-20 16:11:10.993][INFO]: /admin/orders/get-order-mark-total index end 0.789
[2019-01-20 16:11:11.838][INFO]: /admin/orders/get-recharge-order-type-total index end 0.773
[2019-01-20 16:12:11.022][INFO]: /admin/orders/get-order-mark-total index end 0.808
[2019-01-20 16:12:11.956][INFO]: /admin/orders/get-recharge-order-type-total index end 0.833
[2019-01-20 16:13:11.144][INFO]: /admin/orders/get-order-mark-total index end 0.877
[2019-01-20 16:13:11.997][INFO]: /admin/orders/get-recharge-order-type-total index end 0.779
[2019-01-20 16:14:11.082][INFO]: /admin/orders/get-order-mark-total index end 0.790
[2019-01-20 16:14:11.940][INFO]: /admin/orders/get-recharge-order-type-total index end 0.785
[2019-01-20 16:15:11.091][INFO]: /admin/orders/get-order-mark-total index end 0.810
[2019-01-20 16:15:12.087][INFO]: /admin/orders/get-recharge-order-type-total index end 0.896
[2019-01-20 16:16:11.101][INFO]: /admin/orders/get-order-mark-total index end 0.819
[2019-01-20 16:16:12.007][INFO]: /admin/orders/get-recharge-order-type-total index end 0.815
[2019-01-20 16:17:11.113][INFO]: /admin/orders/get-order-mark-total index end 0.826
[2019-01-20 16:17:12.010][INFO]: /admin/orders/get-recharge-order-type-total index end 0.814
[2019-01-20 16:18:11.175][INFO]: /admin/orders/get-order-mark-total index end 0.921
[2019-01-20 16:18:12.061][INFO]: /admin/orders/get-recharge-order-type-total index end 0.795
[2019-01-20 16:19:11.064][INFO]: /admin/orders/get-order-mark-total index end 0.781
[2019-01-20 16:19:11.929][INFO]: /admin/orders/get-recharge-order-type-total index end 0.794
[2019-01-20 16:20:11.059][INFO]: /admin/orders/get-order-mark-total index end 0.838
[2019-01-20 16:20:12.086][INFO]: /admin/orders/get-recharge-order-type-total index end 0.947
[2019-01-20 16:21:11.085][INFO]: /admin/orders/get-order-mark-total index end 0.824
[2019-01-20 16:21:11.981][INFO]: /admin/orders/get-recharge-order-type-total index end 0.809
[2019-01-20 16:22:11.030][INFO]: /admin/orders/get-order-mark-total index end 0.804
[2019-01-20 16:22:11.934][INFO]: /admin/orders/get-recharge-order-type-total index end 0.799
[2019-01-20 16:23:11.188][INFO]: /admin/orders/get-order-mark-total index end 0.901
[2019-01-20 16:23:12.073][INFO]: /admin/orders/get-recharge-order-type-total index end 0.776
[2019-01-20 16:24:11.063][INFO]: /admin/orders/get-order-mark-total index end 0.789
[2019-01-20 16:24:11.927][INFO]: /admin/orders/get-recharge-order-type-total index end 0.791
[2019-01-20 16:25:11.056][INFO]: /admin/orders/get-order-mark-total index end 0.777
[2019-01-20 16:25:11.996][INFO]: /admin/orders/get-recharge-order-type-total index end 0.867
[2019-01-20 16:26:11.452][INFO]: /admin/orders/get-order-mark-total index end 1.170
[2019-01-20 16:26:12.322][INFO]: /admin/orders/get-recharge-order-type-total index end 0.776
[2019-01-23 13:16:17.362][INFO]: /supplier index end 45.605
[2019-01-23 13:16:21.671][INFO]: /admin/users index end 4.258
[2019-01-23 13:16:22.672][INFO]: /admin/users index end 0.887
[2019-01-23 13:16:23.610][INFO]: /admin/login index end 0.825
[2019-01-23 13:27:29.929][INFO]: /admin/login index end 0.972
[2019-01-23 13:27:30.929][INFO]: /admin/login index end 0.862
[2019-01-23 13:27:36.239][INFO]: /admin/login index end 0.801
[2019-01-23 13:27:37.554][INFO]: /admin/dashboard index end 1.200
[2019-01-23 13:27:44.780][INFO]: /admin/audit/account-application index end 1.469
[2019-01-23 13:27:46.091][INFO]: /admin/audit/account-application?platform_id=&status=&type=&range_time=&start_time=2019-01-23&end_time=2019-01-23&account=&pass=&page=1&limit=10 index end 1.060
[2019-01-23 13:33:09.567][INFO]: /admin/audit/product-supplies?product_cate_id=1 index end 1.775
[2019-01-23 13:33:10.853][INFO]: /admin/audit/product-supplies?face_value_type=&area_name=&operator_id=&mvno=&speed=&sell_status=&status=&range_time=&start_time=2019-01-23&end_time=2019-01-23&keyword=&product_cate_id=1&page=1&limit=10 index end 1.035
[2019-01-23 13:46:53.263][INFO]: /admin/audit/product-supplies?product_cate_id=1 index end 5.550
[2019-01-23 13:46:54.585][INFO]: /admin/audit/product-supplies?face_value_type=&area_name=&operator_id=&mvno=&speed=&sell_status=&status=&range_time=&start_time=2019-01-23&end_time=2019-01-23&keyword=&product_cate_id=1&page=1&limit=10 index end 1.032
[2019-01-23 13:51:35.079][INFO]: /admin/audit/product-supplies?product_cate_id=3 index end 1.096
[2019-01-23 13:51:37.256][INFO]: /admin/audit/product-supplies?face_value_type=&category=&face_value_type=&sell_status=&status=&range_time=&start_time=2019-01-23&end_time=2019-01-23&keyword=&product_cate_id=3&page=1&limit=10 index end 1.860
[2019-01-23 13:51:50.400][INFO]: /admin/audit/product-supplies?product_cate_id=3 index end 1.399
[2019-01-23 13:51:51.636][INFO]: /admin/audit/product-supplies?category=&face_value_type=&sell_status=&status=&range_time=&start_time=2019-01-23&end_time=2019-01-23&keyword=&product_cate_id=3&page=1&limit=10 index end 1.023
[2019-01-23 13:52:06.116][INFO]: /assets/common/js/axios.min.map index end 1.084
[2019-01-24 14:04:25.609][INFO]: /admin/audit/product-supplies?product_cate_id=3 index end 35.894
[2019-01-24 14:04:28.380][INFO]: /admin/audit/product-supplies?category=&face_value_type=&sell_status=&status=&range_time=&start_time=2019-01-24&end_time=2019-01-24&keyword=&product_cate_id=3&page=1&limit=10 index end 0.912
[2019-01-24 14:05:07.042][INFO]: /supplier index end 0.696
[2019-01-24 14:05:09.700][INFO]: /supplier/ index end 1.037
[2019-01-24 14:05:17.292][INFO]: /passport/login index end 0.741
[2019-01-24 14:05:20.001][INFO]: /supplier/dashboard index end 1.285
[2019-01-24 14:05:46.071][INFO]: /supplier/orders/order-list?product_cate_id=1 index end 1.432
[2019-01-24 14:05:48.996][INFO]: /supplier/orders/order-list?order_mark=0&product_cate_id=1&recharge_status=&settle_status=&range_time=&start_time=2019-01-24&end_time=2019-01-24&id=&page=1&limit=10 index end 0.950
[2019-01-24 14:06:19.699][INFO]: /supplier/products/source-groups index end 1.295
[2019-01-24 14:06:22.462][INFO]: /supplier/products/source-groups?product_cate_id=&auto_refund=&status=&supply_type=&range_time=&start_time=2019-01-24&end_time=2019-01-24&name=&id=&info=&page=1&limit=10 index end 0.983
[2019-01-24 14:06:35.720][INFO]: /supplier/orders/order-list?product_cate_id=1 index end 0.954
[2019-01-24 14:06:38.714][INFO]: /supplier/orders/order-list?order_mark=0&product_cate_id=1&recharge_status=&settle_status=&range_time=&start_time=2019-01-24&end_time=2019-01-24&id=&page=1&limit=10 index end 0.833
[2019-01-24 14:07:38.684][INFO]: /supplier/orders/get-order-mark-total index end 0.799
[2019-01-24 14:07:39.664][INFO]: /supplier/orders/get-recharge-order-type-total index end 0.863
[2019-01-24 14:08:38.673][INFO]: /supplier/orders/get-order-mark-total index end 0.949
[2019-01-24 14:08:39.610][INFO]: /supplier/orders/get-recharge-order-type-total index end 0.863
[2019-01-24 14:09:38.523][INFO]: /supplier/orders/get-order-mark-total index end 0.807
[2019-01-24 14:09:39.511][INFO]: /supplier/orders/get-recharge-order-type-total index end 0.841
[2019-01-24 14:10:38.561][INFO]: /supplier/orders/get-order-mark-total index end 0.825
[2019-01-24 14:10:39.553][INFO]: /supplier/orders/get-recharge-order-type-total index end 0.907
[2019-01-24 14:11:42.377][INFO]: /supplier/orders/get-order-mark-total index end 4.646
[2019-01-24 14:11:43.391][INFO]: /supplier/orders/get-recharge-order-type-total index end 0.895
[2019-01-24 14:12:42.363][INFO]: /supplier/orders/get-order-mark-total index end 4.645
[2019-01-24 14:12:43.418][INFO]: /supplier/orders/get-recharge-order-type-total index end 0.961
[2019-01-24 14:13:42.514][INFO]: /supplier/orders/get-order-mark-total index end 4.778
[2019-01-24 14:13:43.565][INFO]: /supplier/orders/get-recharge-order-type-total index end 0.958
[2019-01-24 14:14:38.587][INFO]: /supplier/orders/get-order-mark-total index end 0.862
[2019-01-24 14:14:39.480][INFO]: /supplier/orders/get-recharge-order-type-total index end 0.851
[2019-01-24 14:15:38.560][INFO]: /supplier/orders/get-order-mark-total index end 0.858
[2019-01-24 14:15:39.447][INFO]: /supplier/orders/get-recharge-order-type-total index end 0.836
[2019-01-24 14:15:59.685][INFO]: /supplier/orders/order-list?order_mark=1&product_cate_id=1&recharge_status=&settle_status=&range_time=2019-01-24%20~%202019-01-24&start_time=2019-01-24&end_time=2019-01-24&id=&page=1&limit=10 index end 1.030
[2019-01-24 14:16:06.858][INFO]: /supplier/products/source-groups index end 4.478
[2019-01-24 14:16:08.266][INFO]: /supplier/products/source-groups?product_cate_id=&auto_refund=&status=&supply_type=&range_time=&start_time=2019-01-24&end_time=2019-01-24&name=&id=&info=&page=1&limit=10 index end 1.142
[2019-01-24 14:25:45.163][INFO]: /supplier/products/source-groups index end 5.014
[2019-01-24 14:25:46.416][INFO]: /supplier/products/source-groups?product_cate_id=&auto_refund=&status=&supply_type=&range_time=&start_time=2019-01-24&end_time=2019-01-24&name=&id=&info=&page=1&limit=10 index end 1.039
[2019-01-24 14:31:54.209][INFO]: /supplier/products/source-groups?product_cate_id=&auto_refund=&status=&supply_type=&range_time=2018-11-01%20~%202018-11-30&start_time=2018-11-01&end_time=2018-11-30&name=&id=&info=&page=1&limit=10 index end 0.985
[2019-01-24 14:32:04.294][INFO]: /supplier/products/source-groups?product_cate_id=&auto_refund=&status=&supply_type=&range_time=2018-09-01%20~%202018-09-30&start_time=2018-09-01&end_time=2018-09-30&name=&id=&info=&page=1&limit=10 index end 0.888
[2019-01-24 14:32:12.553][INFO]: /supplier/products/source-groups?product_cate_id=&auto_refund=&status=&supply_type=&range_time=2018-10-01%20~%202018-10-31&start_time=2018-10-01&end_time=2018-10-31&name=&id=&info=&page=1&limit=10 index end 0.870
[2019-01-24 14:32:20.153][INFO]: /supplier/products/source-groups?product_cate_id=&auto_refund=&status=&supply_type=&range_time=2018-11-01%20~%202018-11-30&start_time=2018-11-01&end_time=2018-11-30&name=&id=&info=&page=1&limit=10 index end 0.901
[2019-01-24 14:32:41.991][INFO]: /supplier/finance index end 1.287
[2019-01-24 14:32:43.268][INFO]: /supplier/finance/trade-list?page=1&limit=10 index end 1.040
[2019-01-24 15:07:12.378][INFO]: /supplier/finance index end 1.136
[2019-01-24 15:07:13.583][INFO]: /supplier/finance/trade-list?page=1&limit=10 index end 0.930
[2019-01-24 15:07:15.756][INFO]: /supplier/finance/trade-list index end 1.291
[2019-01-24 15:07:17.143][INFO]: /supplier/finance/trade-list?outer_sn=&order_id=&name=&trade_log_type=&payment_class_id=&amount_min=&amount_max=&trade_status=&range_time=&start_time=2019-01-24&end_time=2019-01-24&page=1&limit=10 index end 1.065
[2019-01-24 15:13:00.223][INFO]: /supplier/finance/trade-list index end 5.172
[2019-01-24 15:13:01.632][INFO]: /supplier/finance/trade-list?outer_sn=&order_id=&name=&trade_log_type=&payment_class_id=&amount_min=&amount_max=&trade_status=&range_time=&start_time=2019-01-24&end_time=2019-01-24&page=1&limit=10 index end 1.118
[2019-01-24 15:13:31.075][INFO]: /supplier/finance/detail index end 1.509
[2019-01-24 15:13:32.446][INFO]: /supplier/finance/detail?trade_id=&order_id=&name=&log_type=&amount_min=&amount_max=&range_time=&start_time=2019-01-24&end_time=2019-01-24&page=1&limit=10 index end 1.068
[2019-01-24 15:14:20.888][INFO]: /supplier/finance/detail index end 5.155
[2019-01-24 15:14:22.315][INFO]: /supplier/finance/detail?trade_id=&order_id=&name=&log_type=&amount_min=&amount_max=&range_time=&start_time=2019-01-24&end_time=2019-01-24&page=1&limit=10 index end 1.126
[2019-01-24 15:14:27.266][INFO]: /supplier/finance/add-withdraw index end 1.339
[2019-01-24 15:14:31.393][INFO]: /supplier/finance/withdraw index end 1.413
[2019-01-24 15:14:32.776][INFO]: /supplier/finance/withdraw?trade_status=&range_time=&start_time=2019-01-24&end_time=2019-01-24&keyword=&page=1&limit=10 index end 1.082
[2019-01-24 15:15:28.747][INFO]: /supplier/finance/withdraw index end 5.112
[2019-01-24 15:15:30.156][INFO]: /supplier/finance/withdraw?trade_status=&range_time=&start_time=2019-01-24&end_time=2019-01-24&keyword=&page=1&limit=10 index end 1.079
[2019-01-24 15:18:26.723][INFO]: /supplier/finance/withdraw index end 5.452
[2019-01-24 15:18:28.163][INFO]: /supplier/finance/withdraw?trade_status=&range_time=&start_time=2019-01-24&end_time=2019-01-24&keyword=&page=1&limit=10 index end 1.117
[2019-01-24 15:18:32.209][INFO]: /supplier/finance/withdraw-account index end 1.334
[2019-01-24 15:18:33.565][INFO]: /supplier/finance/withdraw-account?verify_status=&range_time=&start_time=2019-01-24&end_time=2019-01-24&keyword=&page=1&limit=10 index end 1.071
[2019-01-24 15:19:58.568][INFO]: /supplier/finance/withdraw-account index end 5.094
[2019-01-24 15:19:59.983][INFO]: /supplier/finance/withdraw-account?verify_status=&range_time=&start_time=2019-01-24&end_time=2019-01-24&keyword=&page=1&limit=10 index end 1.043
[2019-01-25 12:30:22.719][INFO]: /supplier/finance/withdraw-account index end 1.179
[2019-01-25 12:30:27.339][INFO]: /supplier/finance/withdraw-account?verify_status=&range_time=&start_time=2019-01-25&end_time=2019-01-25&keyword=&page=1&limit=10 index end 0.830
[2019-01-25 13:25:30.460][INFO]: /admin/audit/product-supplies?product_cate_id=3 index end 37.566
[2019-01-25 13:25:33.993][INFO]: /admin/audit/product-supplies?category=&face_value_type=&sell_status=&status=&range_time=&start_time=2019-01-25&end_time=2019-01-25&keyword=&product_cate_id=3&page=1&limit=10 index end 1.678
